<?xml version="1.0" encoding="UTF-8"?>
<coverage generated="1764511962">
  <project timestamp="1764511962" name="Clover Coverage">
    <package name="TrueFans\LaravelReactReactions\Commands">
      <file name="/Users/vahan/Herd/laravel-react-reactions/packages/truefans/laravel-react-reactions/src/Commands/LaravelReactReactionsCommand.php">
        <class name="TrueFans\LaravelReactReactions\Commands\LaravelReactReactionsCommand" namespace="TrueFans\LaravelReactReactions\Commands">
          <metrics complexity="1" methods="1" coveredmethods="0" conditionals="0" coveredconditionals="0" statements="2" coveredstatements="0" elements="3" coveredelements="0"/>
        </class>
        <line num="13" type="method" name="handle" visibility="public" complexity="1" crap="2" count="0"/>
        <line num="15" type="stmt" count="0"/>
        <line num="17" type="stmt" count="0"/>
        <metrics loc="20" ncloc="20" classes="1" methods="1" coveredmethods="0" conditionals="0" coveredconditionals="0" statements="2" coveredstatements="0" elements="3" coveredelements="0"/>
      </file>
    </package>
    <package name="TrueFans\LaravelReactReactions\Events">
      <file name="/Users/vahan/Herd/laravel-react-reactions/packages/truefans/laravel-react-reactions/src/Events/CommentCreated.php">
        <class name="TrueFans\LaravelReactReactions\Events\CommentCreated" namespace="TrueFans\LaravelReactReactions\Events">
          <metrics complexity="1" methods="1" coveredmethods="1" conditionals="0" coveredconditionals="0" statements="1" coveredstatements="1" elements="2" coveredelements="2"/>
        </class>
        <line num="18" type="method" name="__construct" visibility="public" complexity="1" crap="1" count="25"/>
        <line num="20" type="stmt" count="25"/>
        <metrics loc="23" ncloc="20" classes="1" methods="1" coveredmethods="1" conditionals="0" coveredconditionals="0" statements="1" coveredstatements="1" elements="2" coveredelements="2"/>
      </file>
    </package>
    <package name="TrueFans\LaravelReactReactions\Facades">
      <file name="/Users/vahan/Herd/laravel-react-reactions/packages/truefans/laravel-react-reactions/src/Facades/LaravelReactReactions.php">
        <class name="TrueFans\LaravelReactReactions\Facades\LaravelReactReactions" namespace="TrueFans\LaravelReactReactions\Facades">
          <metrics complexity="1" methods="1" coveredmethods="1" conditionals="0" coveredconditionals="0" statements="1" coveredstatements="1" elements="2" coveredelements="2"/>
        </class>
        <line num="12" type="method" name="getFacadeAccessor" visibility="protected" complexity="1" crap="1" count="2"/>
        <line num="14" type="stmt" count="2"/>
        <metrics loc="17" ncloc="14" classes="1" methods="1" coveredmethods="1" conditionals="0" coveredconditionals="0" statements="1" coveredstatements="1" elements="2" coveredelements="2"/>
      </file>
    </package>
    <package name="TrueFans\LaravelReactReactions\Http\Controllers">
      <file name="/Users/vahan/Herd/laravel-react-reactions/packages/truefans/laravel-react-reactions/src/Http/Controllers/CommentController.php">
        <class name="TrueFans\LaravelReactReactions\Http\Controllers\CommentController" namespace="TrueFans\LaravelReactReactions\Http\Controllers">
          <metrics complexity="22" methods="4" coveredmethods="0" conditionals="0" coveredconditionals="0" statements="157" coveredstatements="118" elements="161" coveredelements="118"/>
        </class>
        <line num="18" type="method" name="store" visibility="public" complexity="12" crap="12.58" count="19"/>
        <line num="21" type="stmt" count="19"/>
        <line num="22" type="stmt" count="19"/>
        <line num="23" type="stmt" count="19"/>
        <line num="24" type="stmt" count="19"/>
        <line num="25" type="stmt" count="19"/>
        <line num="26" type="stmt" count="19"/>
        <line num="30" type="stmt" count="16"/>
        <line num="33" type="stmt" count="16"/>
        <line num="34" type="stmt" count="15"/>
        <line num="38" type="stmt" count="16"/>
        <line num="39" type="stmt" count="2"/>
        <line num="40" type="stmt" count="2"/>
        <line num="41" type="stmt" count="2"/>
        <line num="45" type="stmt" count="14"/>
        <line num="47" type="stmt" count="14"/>
        <line num="48" type="stmt" count="1"/>
        <line num="49" type="stmt" count="1"/>
        <line num="50" type="stmt" count="1"/>
        <line num="54" type="stmt" count="13"/>
        <line num="55" type="stmt" count="1"/>
        <line num="56" type="stmt" count="1"/>
        <line num="57" type="stmt" count="1"/>
        <line num="61" type="stmt" count="12"/>
        <line num="62" type="stmt" count="1"/>
        <line num="63" type="stmt" count="1"/>
        <line num="64" type="stmt" count="1"/>
        <line num="68" type="stmt" count="11"/>
        <line num="69" type="stmt" count="3"/>
        <line num="71" type="stmt" count="3"/>
        <line num="72" type="stmt" count="3"/>
        <line num="73" type="stmt" count="3"/>
        <line num="74" type="stmt" count="1"/>
        <line num="75" type="stmt" count="1"/>
        <line num="76" type="stmt" count="1"/>
        <line num="81" type="stmt" count="10"/>
        <line num="83" type="stmt" count="10"/>
        <line num="84" type="stmt" count="10"/>
        <line num="85" type="stmt" count="10"/>
        <line num="86" type="stmt" count="10"/>
        <line num="87" type="stmt" count="10"/>
        <line num="88" type="stmt" count="10"/>
        <line num="89" type="stmt" count="10"/>
        <line num="91" type="stmt" count="10"/>
        <line num="94" type="stmt" count="10"/>
        <line num="96" type="stmt" count="10"/>
        <line num="97" type="stmt" count="10"/>
        <line num="98" type="stmt" count="10"/>
        <line num="99" type="stmt" count="10"/>
        <line num="100" type="stmt" count="10"/>
        <line num="102" type="stmt" count="10"/>
        <line num="104" type="stmt" count="5"/>
        <line num="105" type="stmt" count="5"/>
        <line num="106" type="stmt" count="5"/>
        <line num="107" type="stmt" count="0"/>
        <line num="108" type="stmt" count="0"/>
        <line num="110" type="stmt" count="0"/>
        <line num="111" type="stmt" count="0"/>
        <line num="112" type="stmt" count="0"/>
        <line num="113" type="stmt" count="0"/>
        <line num="114" type="stmt" count="0"/>
        <line num="116" type="stmt" count="0"/>
        <line num="117" type="stmt" count="0"/>
        <line num="118" type="stmt" count="0"/>
        <line num="125" type="method" name="update" visibility="public" complexity="5" crap="5.64" count="4"/>
        <line num="128" type="stmt" count="4"/>
        <line num="129" type="stmt" count="1"/>
        <line num="130" type="stmt" count="1"/>
        <line num="131" type="stmt" count="1"/>
        <line num="135" type="stmt" count="3"/>
        <line num="136" type="stmt" count="3"/>
        <line num="137" type="stmt" count="1"/>
        <line num="138" type="stmt" count="1"/>
        <line num="139" type="stmt" count="1"/>
        <line num="143" type="stmt" count="2"/>
        <line num="144" type="stmt" count="2"/>
        <line num="145" type="stmt" count="2"/>
        <line num="148" type="stmt" count="1"/>
        <line num="150" type="stmt" count="1"/>
        <line num="151" type="stmt" count="1"/>
        <line num="152" type="stmt" count="1"/>
        <line num="153" type="stmt" count="1"/>
        <line num="154" type="stmt" count="1"/>
        <line num="156" type="stmt" count="1"/>
        <line num="158" type="stmt" count="1"/>
        <line num="159" type="stmt" count="1"/>
        <line num="160" type="stmt" count="1"/>
        <line num="161" type="stmt" count="1"/>
        <line num="163" type="stmt" count="1"/>
        <line num="165" type="stmt" count="0"/>
        <line num="166" type="stmt" count="0"/>
        <line num="168" type="stmt" count="0"/>
        <line num="169" type="stmt" count="0"/>
        <line num="170" type="stmt" count="0"/>
        <line num="171" type="stmt" count="0"/>
        <line num="172" type="stmt" count="0"/>
        <line num="174" type="stmt" count="0"/>
        <line num="175" type="stmt" count="0"/>
        <line num="176" type="stmt" count="0"/>
        <line num="183" type="method" name="destroy" visibility="public" complexity="3" crap="3.74" count="3"/>
        <line num="186" type="stmt" count="3"/>
        <line num="187" type="stmt" count="2"/>
        <line num="188" type="stmt" count="2"/>
        <line num="189" type="stmt" count="2"/>
        <line num="193" type="stmt" count="1"/>
        <line num="195" type="stmt" count="1"/>
        <line num="196" type="stmt" count="1"/>
        <line num="198" type="stmt" count="1"/>
        <line num="200" type="stmt" count="1"/>
        <line num="201" type="stmt" count="1"/>
        <line num="202" type="stmt" count="1"/>
        <line num="203" type="stmt" count="1"/>
        <line num="205" type="stmt" count="1"/>
        <line num="207" type="stmt" count="0"/>
        <line num="208" type="stmt" count="0"/>
        <line num="210" type="stmt" count="0"/>
        <line num="211" type="stmt" count="0"/>
        <line num="212" type="stmt" count="0"/>
        <line num="213" type="stmt" count="0"/>
        <line num="214" type="stmt" count="0"/>
        <line num="216" type="stmt" count="0"/>
        <line num="217" type="stmt" count="0"/>
        <line num="218" type="stmt" count="0"/>
        <line num="225" type="method" name="replies" visibility="public" complexity="2" crap="2.06" count="2"/>
        <line num="228" type="stmt" count="2"/>
        <line num="229" type="stmt" count="2"/>
        <line num="230" type="stmt" count="2"/>
        <line num="231" type="stmt" count="2"/>
        <line num="232" type="stmt" count="2"/>
        <line num="233" type="stmt" count="2"/>
        <line num="234" type="stmt" count="2"/>
        <line num="235" type="stmt" count="2"/>
        <line num="236" type="stmt" count="2"/>
        <line num="237" type="stmt" count="2"/>
        <line num="238" type="stmt" count="2"/>
        <line num="239" type="stmt" count="2"/>
        <line num="240" type="stmt" count="2"/>
        <line num="241" type="stmt" count="2"/>
        <line num="242" type="stmt" count="2"/>
        <line num="243" type="stmt" count="2"/>
        <line num="244" type="stmt" count="2"/>
        <line num="245" type="stmt" count="2"/>
        <line num="246" type="stmt" count="2"/>
        <line num="247" type="stmt" count="2"/>
        <line num="248" type="stmt" count="2"/>
        <line num="249" type="stmt" count="2"/>
        <line num="250" type="stmt" count="2"/>
        <line num="251" type="stmt" count="2"/>
        <line num="253" type="stmt" count="2"/>
        <line num="254" type="stmt" count="2"/>
        <line num="255" type="stmt" count="2"/>
        <line num="256" type="stmt" count="2"/>
        <line num="258" type="stmt" count="0"/>
        <line num="259" type="stmt" count="0"/>
        <line num="260" type="stmt" count="0"/>
        <line num="261" type="stmt" count="0"/>
        <line num="262" type="stmt" count="0"/>
        <line num="264" type="stmt" count="0"/>
        <line num="265" type="stmt" count="0"/>
        <line num="266" type="stmt" count="0"/>
        <line num="267" type="stmt" count="0"/>
        <metrics loc="271" ncloc="245" classes="1" methods="4" coveredmethods="0" conditionals="0" coveredconditionals="0" statements="157" coveredstatements="118" elements="161" coveredelements="118"/>
      </file>
      <file name="/Users/vahan/Herd/laravel-react-reactions/packages/truefans/laravel-react-reactions/src/Http/Controllers/ReactionController.php">
        <class name="TrueFans\LaravelReactReactions\Http\Controllers\ReactionController" namespace="TrueFans\LaravelReactReactions\Http\Controllers">
          <metrics complexity="10" methods="3" coveredmethods="2" conditionals="0" coveredconditionals="0" statements="46" coveredstatements="44" elements="49" coveredelements="46"/>
        </class>
        <line num="12" type="method" name="store" visibility="public" complexity="4" crap="4" count="7"/>
        <line num="14" type="stmt" count="7"/>
        <line num="16" type="stmt" count="7"/>
        <line num="17" type="stmt" count="7"/>
        <line num="18" type="stmt" count="7"/>
        <line num="19" type="stmt" count="7"/>
        <line num="20" type="stmt" count="7"/>
        <line num="22" type="stmt" count="7"/>
        <line num="23" type="stmt" count="2"/>
        <line num="26" type="stmt" count="5"/>
        <line num="28" type="stmt" count="5"/>
        <line num="29" type="stmt" count="1"/>
        <line num="32" type="stmt" count="4"/>
        <line num="34" type="stmt" count="4"/>
        <line num="35" type="stmt" count="1"/>
        <line num="38" type="stmt" count="3"/>
        <line num="39" type="stmt" count="3"/>
        <line num="40" type="stmt" count="3"/>
        <line num="41" type="stmt" count="3"/>
        <line num="44" type="stmt" count="3"/>
        <line num="47" type="method" name="destroy" visibility="public" complexity="4" crap="4.05" count="3"/>
        <line num="49" type="stmt" count="3"/>
        <line num="50" type="stmt" count="3"/>
        <line num="51" type="stmt" count="3"/>
        <line num="52" type="stmt" count="3"/>
        <line num="54" type="stmt" count="3"/>
        <line num="55" type="stmt" count="1"/>
        <line num="58" type="stmt" count="2"/>
        <line num="60" type="stmt" count="2"/>
        <line num="61" type="stmt" count="0"/>
        <line num="64" type="stmt" count="2"/>
        <line num="66" type="stmt" count="2"/>
        <line num="67" type="stmt" count="0"/>
        <line num="70" type="stmt" count="2"/>
        <line num="73" type="stmt" count="2"/>
        <line num="76" type="method" name="list" visibility="public" complexity="2" crap="2" count="3"/>
        <line num="78" type="stmt" count="3"/>
        <line num="79" type="stmt" count="3"/>
        <line num="81" type="stmt" count="3"/>
        <line num="82" type="stmt" count="3"/>
        <line num="83" type="stmt" count="3"/>
        <line num="84" type="stmt" count="3"/>
        <line num="85" type="stmt" count="3"/>
        <line num="87" type="stmt" count="3"/>
        <line num="88" type="stmt" count="1"/>
        <line num="91" type="stmt" count="3"/>
        <line num="93" type="stmt" count="3"/>
        <line num="94" type="stmt" count="3"/>
        <line num="95" type="stmt" count="3"/>
        <metrics loc="99" ncloc="97" classes="1" methods="3" coveredmethods="2" conditionals="0" coveredconditionals="0" statements="46" coveredstatements="44" elements="49" coveredelements="46"/>
      </file>
    </package>
    <package name="TrueFans\LaravelReactReactions">
      <file name="/Users/vahan/Herd/laravel-react-reactions/packages/truefans/laravel-react-reactions/src/LaravelReactReactions.php">
        <class name="TrueFans\LaravelReactReactions\LaravelReactReactions" namespace="TrueFans\LaravelReactReactions">
          <metrics complexity="0" methods="0" coveredmethods="0" conditionals="0" coveredconditionals="0" statements="0" coveredstatements="0" elements="0" coveredelements="0"/>
        </class>
        <metrics loc="6" ncloc="6" classes="0" methods="0" coveredmethods="0" conditionals="0" coveredconditionals="0" statements="0" coveredstatements="0" elements="0" coveredelements="0"/>
      </file>
      <file name="/Users/vahan/Herd/laravel-react-reactions/packages/truefans/laravel-react-reactions/src/LaravelReactReactionsServiceProvider.php">
        <class name="TrueFans\LaravelReactReactions\LaravelReactReactionsServiceProvider" namespace="TrueFans\LaravelReactReactions">
          <metrics complexity="2" methods="2" coveredmethods="2" conditionals="0" coveredconditionals="0" statements="18" coveredstatements="18" elements="20" coveredelements="20"/>
        </class>
        <line num="15" type="method" name="register" visibility="public" complexity="1" crap="1" count="151"/>
        <line num="17" type="stmt" count="151"/>
        <line num="18" type="stmt" count="151"/>
        <line num="19" type="stmt" count="151"/>
        <line num="20" type="stmt" count="151"/>
        <line num="26" type="method" name="boot" visibility="public" complexity="1" crap="1" count="151"/>
        <line num="29" type="stmt" count="151"/>
        <line num="30" type="stmt" count="151"/>
        <line num="31" type="stmt" count="151"/>
        <line num="34" type="stmt" count="151"/>
        <line num="35" type="stmt" count="151"/>
        <line num="36" type="stmt" count="151"/>
        <line num="39" type="stmt" count="151"/>
        <line num="40" type="stmt" count="151"/>
        <line num="41" type="stmt" count="151"/>
        <line num="44" type="stmt" count="151"/>
        <line num="47" type="stmt" count="151"/>
        <line num="48" type="stmt" count="151"/>
        <line num="49" type="stmt" count="151"/>
        <line num="50" type="stmt" count="151"/>
        <metrics loc="53" ncloc="42" classes="1" methods="2" coveredmethods="2" conditionals="0" coveredconditionals="0" statements="18" coveredstatements="18" elements="20" coveredelements="20"/>
      </file>
    </package>
    <package name="TrueFans\LaravelReactReactions\Listeners">
      <file name="/Users/vahan/Herd/laravel-react-reactions/packages/truefans/laravel-react-reactions/src/Listeners/SendCommentNotification.php">
        <class name="TrueFans\LaravelReactReactions\Listeners\SendCommentNotification" namespace="TrueFans\LaravelReactReactions\Listeners">
          <metrics complexity="14" methods="1" coveredmethods="1" conditionals="0" coveredconditionals="0" statements="22" coveredstatements="22" elements="23" coveredelements="23"/>
        </class>
        <line num="14" type="method" name="handle" visibility="public" complexity="14" crap="14" count="22"/>
        <line num="16" type="stmt" count="22"/>
        <line num="19" type="stmt" count="22"/>
        <line num="21" type="stmt" count="22"/>
        <line num="22" type="stmt" count="1"/>
        <line num="26" type="stmt" count="21"/>
        <line num="27" type="stmt" count="2"/>
        <line num="31" type="stmt" count="19"/>
        <line num="32" type="stmt" count="1"/>
        <line num="36" type="stmt" count="18"/>
        <line num="37" type="stmt" count="18"/>
        <line num="40" type="stmt" count="18"/>
        <line num="41" type="stmt" count="18"/>
        <line num="44" type="stmt" count="18"/>
        <line num="45" type="stmt" count="18"/>
        <line num="48" type="stmt" count="18"/>
        <line num="49" type="stmt" count="4"/>
        <line num="55" type="stmt" count="18"/>
        <line num="56" type="stmt" count="4"/>
        <line num="58" type="stmt" count="4"/>
        <line num="59" type="stmt" count="4"/>
        <line num="62" type="stmt" count="4"/>
        <line num="63" type="stmt" count="2"/>
        <metrics loc="69" ncloc="57" classes="1" methods="1" coveredmethods="1" conditionals="0" coveredconditionals="0" statements="22" coveredstatements="22" elements="23" coveredelements="23"/>
      </file>
    </package>
    <package name="TrueFans\LaravelReactReactions\Models">
      <file name="/Users/vahan/Herd/laravel-react-reactions/packages/truefans/laravel-react-reactions/src/Models/Comment.php">
        <class name="TrueFans\LaravelReactReactions\Models\Comment" namespace="TrueFans\LaravelReactReactions\Models">
          <metrics complexity="10" methods="10" coveredmethods="10" conditionals="0" coveredconditionals="0" statements="16" coveredstatements="16" elements="26" coveredelements="26"/>
        </class>
        <line num="36" type="method" name="commentable" visibility="public" complexity="1" crap="1" count="40"/>
        <line num="38" type="stmt" count="40"/>
        <line num="44" type="method" name="user" visibility="public" complexity="1" crap="1" count="23"/>
        <line num="46" type="stmt" count="23"/>
        <line num="52" type="method" name="parent" visibility="public" complexity="1" crap="1" count="5"/>
        <line num="54" type="stmt" count="5"/>
        <line num="60" type="method" name="replies" visibility="public" complexity="1" crap="1" count="6"/>
        <line num="62" type="stmt" count="6"/>
        <line num="68" type="method" name="repliesWithReactions" visibility="public" complexity="1" crap="1" count="1"/>
        <line num="70" type="stmt" count="1"/>
        <line num="76" type="method" name="scopeTopLevel" visibility="public" complexity="1" crap="1" count="4"/>
        <line num="78" type="stmt" count="4"/>
        <line num="84" type="method" name="reactionsEnabled" visibility="public" complexity="1" crap="1" count="1"/>
        <line num="86" type="stmt" count="1"/>
        <line num="96" type="method" name="canEdit" visibility="public" complexity="1" crap="1" count="8"/>
        <line num="98" type="stmt" count="8"/>
        <line num="108" type="method" name="canDelete" visibility="public" complexity="1" crap="1" count="7"/>
        <line num="110" type="stmt" count="7"/>
        <line num="120" type="method" name="addReply" visibility="public" complexity="1" crap="1" count="9"/>
        <line num="122" type="stmt" count="9"/>
        <line num="123" type="stmt" count="9"/>
        <line num="124" type="stmt" count="9"/>
        <line num="125" type="stmt" count="9"/>
        <line num="126" type="stmt" count="9"/>
        <line num="127" type="stmt" count="9"/>
        <line num="128" type="stmt" count="9"/>
        <metrics loc="131" ncloc="89" classes="1" methods="10" coveredmethods="10" conditionals="0" coveredconditionals="0" statements="16" coveredstatements="16" elements="26" coveredelements="26"/>
      </file>
      <file name="/Users/vahan/Herd/laravel-react-reactions/packages/truefans/laravel-react-reactions/src/Models/Reaction.php">
        <class name="TrueFans\LaravelReactReactions\Models\Reaction" namespace="TrueFans\LaravelReactReactions\Models">
          <metrics complexity="4" methods="4" coveredmethods="4" conditionals="0" coveredconditionals="0" statements="4" coveredstatements="4" elements="8" coveredelements="8"/>
        </class>
        <line num="23" type="method" name="user" visibility="public" complexity="1" crap="1" count="4"/>
        <line num="25" type="stmt" count="4"/>
        <line num="28" type="method" name="reactable" visibility="public" complexity="1" crap="1" count="1"/>
        <line num="30" type="stmt" count="1"/>
        <line num="33" type="method" name="scopeOfType" visibility="public" complexity="1" crap="1" count="1"/>
        <line num="35" type="stmt" count="1"/>
        <line num="38" type="method" name="scopeByUser" visibility="public" complexity="1" crap="1" count="1"/>
        <line num="40" type="stmt" count="1"/>
        <metrics loc="43" ncloc="43" classes="1" methods="4" coveredmethods="4" conditionals="0" coveredconditionals="0" statements="4" coveredstatements="4" elements="8" coveredelements="8"/>
      </file>
    </package>
    <package name="TrueFans\LaravelReactReactions\Notifications">
      <file name="/Users/vahan/Herd/laravel-react-reactions/packages/truefans/laravel-react-reactions/src/Notifications/NewCommentNotification.php">
        <class name="TrueFans\LaravelReactReactions\Notifications\NewCommentNotification" namespace="TrueFans\LaravelReactReactions\Notifications">
          <metrics complexity="7" methods="4" coveredmethods="3" conditionals="0" coveredconditionals="0" statements="28" coveredstatements="27" elements="32" coveredelements="30"/>
        </class>
        <line num="17" type="method" name="__construct" visibility="public" complexity="1" crap="1" count="28"/>
        <line num="19" type="stmt" count="28"/>
        <line num="25" type="method" name="via" visibility="public" complexity="1" crap="1" count="19"/>
        <line num="27" type="stmt" count="19"/>
        <line num="33" type="method" name="toMail" visibility="public" complexity="4" crap="4.00" count="14"/>
        <line num="35" type="stmt" count="14"/>
        <line num="36" type="stmt" count="14"/>
        <line num="37" type="stmt" count="14"/>
        <line num="39" type="stmt" count="14"/>
        <line num="40" type="stmt" count="14"/>
        <line num="41" type="stmt" count="3"/>
        <line num="42" type="stmt" count="12"/>
        <line num="44" type="stmt" count="14"/>
        <line num="45" type="stmt" count="14"/>
        <line num="46" type="stmt" count="14"/>
        <line num="47" type="stmt" count="14"/>
        <line num="48" type="stmt" count="3"/>
        <line num="49" type="stmt" count="14"/>
        <line num="50" type="stmt" count="14"/>
        <line num="53" type="stmt" count="14"/>
        <line num="54" type="stmt" count="0"/>
        <line num="57" type="stmt" count="14"/>
        <line num="58" type="stmt" count="14"/>
        <line num="64" type="method" name="toArray" visibility="public" complexity="1" crap="1" count="1"/>
        <line num="66" type="stmt" count="1"/>
        <line num="67" type="stmt" count="1"/>
        <line num="68" type="stmt" count="1"/>
        <line num="69" type="stmt" count="1"/>
        <line num="70" type="stmt" count="1"/>
        <line num="71" type="stmt" count="1"/>
        <line num="72" type="stmt" count="1"/>
        <line num="73" type="stmt" count="1"/>
        <metrics loc="76" ncloc="63" classes="1" methods="4" coveredmethods="3" conditionals="0" coveredconditionals="0" statements="28" coveredstatements="27" elements="32" coveredelements="30"/>
      </file>
    </package>
    <package name="TrueFans\LaravelReactReactions\Traits">
      <file name="/Users/vahan/Herd/laravel-react-reactions/packages/truefans/laravel-react-reactions/src/Traits/HasComments.php">
        <class name="TrueFans\LaravelReactReactions\Traits\HasComments" namespace="TrueFans\LaravelReactReactions\Traits">
          <metrics complexity="11" methods="7" coveredmethods="6" conditionals="0" coveredconditionals="0" statements="23" coveredstatements="22" elements="30" coveredelements="28"/>
        </class>
        <line num="13" type="method" name="comments" visibility="public" complexity="1" crap="1" count="35"/>
        <line num="15" type="stmt" count="35"/>
        <line num="21" type="method" name="topLevelComments" visibility="public" complexity="1" crap="1" count="1"/>
        <line num="23" type="stmt" count="1"/>
        <line num="29" type="method" name="commentsWithReactions" visibility="public" complexity="1" crap="1" count="1"/>
        <line num="31" type="stmt" count="1"/>
        <line num="32" type="stmt" count="1"/>
        <line num="33" type="stmt" count="1"/>
        <line num="34" type="stmt" count="1"/>
        <line num="35" type="stmt" count="1"/>
        <line num="36" type="stmt" count="1"/>
        <line num="42" type="method" name="comment" visibility="public" complexity="1" crap="1" count="35"/>
        <line num="44" type="stmt" count="35"/>
        <line num="45" type="stmt" count="35"/>
        <line num="46" type="stmt" count="35"/>
        <line num="47" type="stmt" count="35"/>
        <line num="48" type="stmt" count="35"/>
        <line num="54" type="method" name="totalCommentsCount" visibility="public" complexity="1" crap="1" count="1"/>
        <line num="56" type="stmt" count="1"/>
        <line num="62" type="method" name="topLevelCommentsCount" visibility="public" complexity="1" crap="1" count="1"/>
        <line num="64" type="stmt" count="1"/>
        <line num="74" type="method" name="canManageComment" visibility="public" complexity="5" crap="5.05" count="27"/>
        <line num="76" type="stmt" count="27"/>
        <line num="78" type="stmt" count="27"/>
        <line num="79" type="stmt" count="1"/>
        <line num="83" type="stmt" count="26"/>
        <line num="84" type="stmt" count="11"/>
        <line num="89" type="stmt" count="15"/>
        <line num="90" type="stmt" count="0"/>
        <line num="93" type="stmt" count="15"/>
        <metrics loc="96" ncloc="67" classes="1" methods="7" coveredmethods="6" conditionals="0" coveredconditionals="0" statements="23" coveredstatements="22" elements="30" coveredelements="28"/>
      </file>
      <file name="/Users/vahan/Herd/laravel-react-reactions/packages/truefans/laravel-react-reactions/src/Traits/HasReactions.php">
        <class name="TrueFans\LaravelReactReactions\Traits\HasReactions" namespace="TrueFans\LaravelReactReactions\Traits">
          <metrics complexity="16" methods="11" coveredmethods="8" conditionals="0" coveredconditionals="0" statements="73" coveredstatements="68" elements="84" coveredelements="76"/>
        </class>
        <line num="10" type="method" name="reactions" visibility="public" complexity="1" crap="1" count="19"/>
        <line num="12" type="stmt" count="19"/>
        <line num="15" type="method" name="react" visibility="public" complexity="1" crap="1" count="18"/>
        <line num="17" type="stmt" count="18"/>
        <line num="18" type="stmt" count="18"/>
        <line num="19" type="stmt" count="18"/>
        <line num="20" type="stmt" count="18"/>
        <line num="23" type="method" name="unreact" visibility="public" complexity="1" crap="1" count="4"/>
        <line num="25" type="stmt" count="4"/>
        <line num="26" type="stmt" count="4"/>
        <line num="27" type="stmt" count="4"/>
        <line num="30" type="method" name="toggleReaction" visibility="public" complexity="3" crap="3" count="1"/>
        <line num="32" type="stmt" count="1"/>
        <line num="33" type="stmt" count="1"/>
        <line num="34" type="stmt" count="1"/>
        <line num="36" type="stmt" count="1"/>
        <line num="37" type="stmt" count="1"/>
        <line num="40" type="stmt" count="1"/>
        <line num="43" type="method" name="reactionsSummary" visibility="public" complexity="1" crap="1" count="1"/>
        <line num="45" type="stmt" count="1"/>
        <line num="46" type="stmt" count="1"/>
        <line num="47" type="stmt" count="1"/>
        <line num="48" type="stmt" count="1"/>
        <line num="49" type="stmt" count="1"/>
        <line num="52" type="method" name="userReaction" visibility="public" complexity="1" crap="1" count="5"/>
        <line num="54" type="stmt" count="5"/>
        <line num="55" type="stmt" count="5"/>
        <line num="56" type="stmt" count="5"/>
        <line num="59" type="method" name="getReactionsSummaryAttribute" visibility="public" complexity="1" crap="2" count="0"/>
        <line num="61" type="stmt" count="0"/>
        <line num="64" type="method" name="getUserReactionAttribute" visibility="public" complexity="2" crap="6" count="0"/>
        <line num="66" type="stmt" count="0"/>
        <line num="67" type="stmt" count="0"/>
        <line num="70" type="stmt" count="0"/>
        <line num="105" type="method" name="scopeWithReactionsData" visibility="public" complexity="2" crap="2" count="5"/>
        <line num="107" type="stmt" count="5"/>
        <line num="108" type="stmt" count="5"/>
        <line num="109" type="stmt" count="5"/>
        <line num="112" type="stmt" count="5"/>
        <line num="113" type="stmt" count="5"/>
        <line num="114" type="stmt" count="5"/>
        <line num="115" type="stmt" count="5"/>
        <line num="116" type="stmt" count="5"/>
        <line num="117" type="stmt" count="5"/>
        <line num="118" type="stmt" count="5"/>
        <line num="119" type="stmt" count="5"/>
        <line num="121" type="stmt" count="5"/>
        <line num="122" type="stmt" count="5"/>
        <line num="123" type="stmt" count="5"/>
        <line num="124" type="stmt" count="5"/>
        <line num="125" type="stmt" count="5"/>
        <line num="126" type="stmt" count="5"/>
        <line num="127" type="stmt" count="5"/>
        <line num="129" type="stmt" count="5"/>
        <line num="131" type="stmt" count="5"/>
        <line num="132" type="stmt" count="5"/>
        <line num="133" type="stmt" count="5"/>
        <line num="134" type="stmt" count="5"/>
        <line num="135" type="stmt" count="5"/>
        <line num="136" type="stmt" count="5"/>
        <line num="137" type="stmt" count="5"/>
        <line num="138" type="stmt" count="5"/>
        <line num="139" type="stmt" count="5"/>
        <line num="140" type="stmt" count="5"/>
        <line num="141" type="stmt" count="5"/>
        <line num="142" type="stmt" count="5"/>
        <line num="143" type="stmt" count="5"/>
        <line num="144" type="stmt" count="5"/>
        <line num="145" type="stmt" count="5"/>
        <line num="146" type="stmt" count="5"/>
        <line num="147" type="stmt" count="5"/>
        <line num="148" type="stmt" count="5"/>
        <line num="149" type="stmt" count="5"/>
        <line num="150" type="stmt" count="5"/>
        <line num="151" type="stmt" count="5"/>
        <line num="152" type="stmt" count="5"/>
        <line num="153" type="stmt" count="5"/>
        <line num="159" type="method" name="parseReactionsSummary" visibility="public" complexity="2" crap="2.06" count="4"/>
        <line num="161" type="stmt" count="4"/>
        <line num="162" type="stmt" count="0"/>
        <line num="165" type="stmt" count="4"/>
        <line num="168" type="stmt" count="4"/>
        <line num="174" type="method" name="parseUserReaction" visibility="public" complexity="1" crap="1" count="4"/>
        <line num="176" type="stmt" count="4"/>
        <metrics loc="179" ncloc="139" classes="1" methods="11" coveredmethods="8" conditionals="0" coveredconditionals="0" statements="73" coveredstatements="68" elements="84" coveredelements="76"/>
      </file>
    </package>
    <metrics files="13" loc="1083" ncloc="902" classes="12" methods="49" coveredmethods="38" conditionals="0" coveredconditionals="0" statements="391" coveredstatements="341" elements="440" coveredelements="379"/>
  </project>
</coverage>
